  Audio.cpp
  ConvertString.cpp
  DebugCamera.cpp
  DirectInput.cpp
  imgui.cpp
  imgui_demo.cpp
  imgui_draw.cpp
  imgui_impl_dx12.cpp
  imgui_impl_win32.cpp
  imgui_tables.cpp
  imgui_widgets.cpp
  Function.cpp
  GameBase.cpp
  imGuiM.cpp
  main.cpp
  ObjDraw.cpp
  ResourceObject.cpp
  Texture.cpp
  WaterController.cpp
  コード生成しています。
  125 of 3958 functions ( 3.2%) were compiled, the rest were copied from previous compilation.
    0 functions were new in current compilation
    105 functions had inline decision re-evaluated but remain unchanged
  コード生成が終了しました。
  DirectXGame.vcxproj -> C:\Class\Program\DirectXGame\x64\Release\CG2.exe
          1 file(s) copied.
          1 file(s) copied.
